demo.hello/echoserver/handlers/cover.go:11:	CoverHandler		100.0%
demo.hello/echoserver/handlers/cover.go:17:	getCondition		66.7%
demo.hello/echoserver/handlers/hooks.go:12:	Deco			0.0%
demo.hello/echoserver/handlers/hooks.go:21:	preHook			0.0%
demo.hello/echoserver/handlers/hooks.go:25:	afterHook		0.0%
demo.hello/echoserver/handlers/hooks.go:29:	printRequestInfo	0.0%
demo.hello/echoserver/handlers/hooks.go:47:	printDivLine		0.0%
demo.hello/echoserver/handlers/hooks.go:51:	printHeaders		0.0%
demo.hello/echoserver/handlers/ping.go:13:	IndexHandler		100.0%
demo.hello/echoserver/handlers/ping.go:17:	getHello		100.0%
demo.hello/echoserver/handlers/ping.go:22:	PingHandler		0.0%
demo.hello/echoserver/handlers/samples.go:14:	SampleHandler01		0.0%
demo.hello/echoserver/handlers/samples.go:38:	asyncService		0.0%
demo.hello/echoserver/handlers/users.go:13:	Users			100.0%
demo.hello/echoserver/handlers/users.go:17:	getUsers		100.0%
demo.hello/echoserver/handlers/users.go:22:	UsersNew		100.0%
demo.hello/echoserver/handlers/users.go:26:	getUsersNew		100.0%
demo.hello/echoserver/handlers/users.go:31:	UsersName		0.0%
demo.hello/echoserver/handlers/users.go:37:	UsersFiles		0.0%
total:						(statements)		21.5%
